\BOOKMARK [1][-]{section.1}{Considera\347\365es Gerais}{}
\BOOKMARK [2][-]{subsection.1.1}{Log\355stica de materiais e dispositivos}{section.1}
\BOOKMARK [2][-]{subsection.1.2}{Planejamento}{section.1}
\BOOKMARK [2][-]{subsection.1.3}{Montagem}{section.1}
\BOOKMARK [1][-]{section.2}{Teste Indutivo}{}
\BOOKMARK [2][-]{subsection.2.1}{Prop\363sito}{section.2}
\BOOKMARK [2][-]{subsection.2.2}{Materiais}{section.2}
\BOOKMARK [2][-]{subsection.2.3}{M\351todos}{section.2}
\BOOKMARK [3][-]{subsubsection.2.3.1}{Planejamento}{subsection.2.3}
\BOOKMARK [3][-]{subsubsection.2.3.2}{Montagem}{subsection.2.3}
\BOOKMARK [3][-]{subsubsection.2.3.3}{Execu\347\343o e coleta de dados}{subsection.2.3}
\BOOKMARK [3][-]{subsubsection.2.3.4}{Desmontagem e fechamento}{subsection.2.3}
\BOOKMARK [2][-]{subsection.2.4}{Dados}{section.2}
\BOOKMARK [2][-]{subsection.2.5}{Resultados}{section.2}
\BOOKMARK [2][-]{subsection.2.6}{An\341lise}{section.2}
\BOOKMARK [2][-]{subsection.2.7}{Conclus\343o}{section.2}
\BOOKMARK [2][-]{subsection.2.8}{Figuras e Gr\341ficos}{section.2}
\BOOKMARK [2][-]{subsection.2.9}{Refer\352ncia}{section.2}
\BOOKMARK [1][-]{section.3}{Teste Sonar}{}
\BOOKMARK [2][-]{subsection.3.1}{Prop\363sito}{section.3}
\BOOKMARK [2][-]{subsection.3.2}{Materiais}{section.3}
\BOOKMARK [2][-]{subsection.3.3}{M\351todo}{section.3}
\BOOKMARK [2][-]{subsection.3.4}{Dados}{section.3}
\BOOKMARK [2][-]{subsection.3.5}{Resultados}{section.3}
\BOOKMARK [2][-]{subsection.3.6}{An\341lise}{section.3}
\BOOKMARK [2][-]{subsection.3.7}{Conclus\343o}{section.3}
\BOOKMARK [2][-]{subsection.3.8}{Figuras e Gr\341ficos}{section.3}
\BOOKMARK [2][-]{subsection.3.9}{Refer\352ncia}{section.3}
